{"uuid":"14938dcd-7229-480f-b126-63bdeab85cac","name":"testCaseSample.TC248_ValidateAddOnsPagePAYGUserWithMonthlyAddOns","children":["4cc469d3-8142-42e2-b05f-bc08f113f619","90988fdf-9538-4281-a566-b2119fac7d62","675064e1-72e6-4710-a335-7f5ffc10f593"],"befores":[{"name":"beforeClass","status":"failed","statusDetails":{"known":false,"muted":false,"flaky":false,"message":"Browser Factory Action [createNewRemoteDriverInstance] failed. With the following test data [Unhandled Error.].","trace":"java.lang.AssertionError: Browser Factory Action [createNewRemoteDriverInstance] failed. With the following test data [Unhandled Error.].\r\n\tat org.testng.Assert.fail(Assert.java:87)\r\n\tat com.shaft.gui.browser.BrowserFactory.failAction(BrowserFactory.java:201)\r\n\tat com.shaft.gui.browser.BrowserFactory.createNewRemoteDriverInstance(BrowserFactory.java:566)\r\n\tat com.shaft.gui.browser.BrowserFactory.getBrowser(BrowserFactory.java:674)\r\n\tat com.shaft.gui.browser.BrowserFactory.getBrowser(BrowserFactory.java:104)\r\n\tat testCaseSample.TC248_ValidateAddOnsPagePAYGUserWithMonthlyAddOns.beforeClass(TC248_ValidateAddOnsPagePAYGUserWithMonthlyAddOns.java:25)\r\n\tat java.base/jdk.internal.reflect.NativeMethodAccessorImpl.invoke0(Native Method)\r\n\tat java.base/jdk.internal.reflect.NativeMethodAccessorImpl.invoke(NativeMethodAccessorImpl.java:64)\r\n\tat java.base/jdk.internal.reflect.DelegatingMethodAccessorImpl.invoke(DelegatingMethodAccessorImpl.java:43)\r\n\tat java.base/java.lang.reflect.Method.invoke(Method.java:564)\r\n\tat org.testng.internal.MethodInvocationHelper.invokeMethod(MethodInvocationHelper.java:133)\r\n\tat org.testng.internal.MethodInvocationHelper.invokeMethodConsideringTimeout(MethodInvocationHelper.java:62)\r\n\tat org.testng.internal.ConfigInvoker.invokeConfigurationMethod(ConfigInvoker.java:385)\r\n\tat org.testng.internal.ConfigInvoker.invokeConfigurations(ConfigInvoker.java:321)\r\n\tat org.testng.internal.TestMethodWorker.invokeBeforeClassMethods(TestMethodWorker.java:176)\r\n\tat org.testng.internal.TestMethodWorker.run(TestMethodWorker.java:122)\r\n\tat java.base/java.util.ArrayList.forEach(ArrayList.java:1511)\r\n\tat org.testng.TestRunner.privateRun(TestRunner.java:794)\r\n\tat org.testng.TestRunner.run(TestRunner.java:596)\r\n\tat org.testng.SuiteRunner.runTest(SuiteRunner.java:377)\r\n\tat org.testng.SuiteRunner.runSequentially(SuiteRunner.java:371)\r\n\tat org.testng.SuiteRunner.privateRun(SuiteRunner.java:332)\r\n\tat org.testng.SuiteRunner.run(SuiteRunner.java:276)\r\n\tat org.testng.SuiteRunnerWorker.runSuite(SuiteRunnerWorker.java:53)\r\n\tat org.testng.SuiteRunnerWorker.run(SuiteRunnerWorker.java:96)\r\n\tat org.testng.TestNG.runSuitesSequentially(TestNG.java:1212)\r\n\tat org.testng.TestNG.runSuitesLocally(TestNG.java:1134)\r\n\tat org.testng.TestNG.runSuites(TestNG.java:1063)\r\n\tat org.testng.TestNG.run(TestNG.java:1031)\r\n\tat com.intellij.rt.testng.IDEARemoteTestNG.run(IDEARemoteTestNG.java:66)\r\n\tat com.intellij.rt.testng.RemoteTestNGStarter.main(RemoteTestNGStarter.java:109)\r\nCaused by: org.openqa.selenium.SessionNotCreatedException: Unable to create a new remote session. Please check the server log for more details. Original error: An unknown server-side error occurred while processing the command. Original error: The application at 'C:\\Users\\AhmedN2\\OneDrive - Vodafone Group\\Documents\\automation docs\\MyAutomationScript\\MVA-IE-SHAFT_Engine\\nullapk\\DIG18180Fix.apk' does not exist or is not accessible\nBuild info: version: '3.141.59', revision: 'e82be7d358', time: '2018-11-14T08:17:03'\nSystem info: host: 'E0803067', ip: '192.168.1.3', os.name: 'Windows 10', os.arch: 'amd64', os.version: '10.0', java.version: '15.0.2'\nDriver info: driver.version: AndroidDriver\nremote stacktrace: UnknownError: An unknown server-side error occurred while processing the command. Original error: The application at 'C:\\Users\\AhmedN2\\OneDrive - Vodafone Group\\Documents\\automation docs\\MyAutomationScript\\MVA-IE-SHAFT_Engine\\nullapk\\DIG18180Fix.apk' does not exist or is not accessible\n    at getResponseForW3CError (C:\\Users\\AhmedN2\\AppData\\Local\\Programs\\Appium\\resources\\app\\node_modules\\appium\\node_modules\\appium-base-driver\\lib\\protocol\\errors.js:804:9)\n    at asyncHandler (C:\\Users\\AhmedN2\\AppData\\Local\\Programs\\Appium\\resources\\app\\node_modules\\appium\\node_modules\\appium-base-driver\\lib\\protocol\\protocol.js:380:37)\nBuild info: version: '3.141.59', revision: 'e82be7d358', time: '2018-11-14T08:17:03'\nSystem info: host: 'E0803067', ip: '192.168.1.3', os.name: 'Windows 10', os.arch: 'amd64', os.version: '10.0', java.version: '15.0.2'\nDriver info: driver.version: AndroidDriver\r\n\tat io.appium.java_client.remote.AppiumCommandExecutor$1.createSession(AppiumCommandExecutor.java:216)\r\n\tat io.appium.java_client.remote.AppiumCommandExecutor.createSession(AppiumCommandExecutor.java:225)\r\n\tat io.appium.java_client.remote.AppiumCommandExecutor.execute(AppiumCommandExecutor.java:247)\r\n\tat org.openqa.selenium.remote.RemoteWebDriver.execute(RemoteWebDriver.java:552)\r\n\tat io.appium.java_client.DefaultGenericMobileDriver.execute(DefaultGenericMobileDriver.java:41)\r\n\tat io.appium.java_client.AppiumDriver.execute(AppiumDriver.java:1)\r\n\tat io.appium.java_client.android.AndroidDriver.execute(AndroidDriver.java:1)\r\n\tat org.openqa.selenium.remote.RemoteWebDriver.startSession(RemoteWebDriver.java:213)\r\n\tat io.appium.java_client.AppiumDriver.startSession(AppiumDriver.java:338)\r\n\tat org.openqa.selenium.remote.RemoteWebDriver.<init>(RemoteWebDriver.java:131)\r\n\tat io.appium.java_client.DefaultGenericMobileDriver.<init>(DefaultGenericMobileDriver.java:37)\r\n\tat io.appium.java_client.AppiumDriver.<init>(AppiumDriver.java:89)\r\n\tat io.appium.java_client.AppiumDriver.<init>(AppiumDriver.java:99)\r\n\tat io.appium.java_client.android.AndroidDriver.<init>(AndroidDriver.java:96)\r\n\tat com.shaft.gui.browser.BrowserFactory.createNewRemoteDriverInstance(BrowserFactory.java:537)\r\n\t... 28 more\r\nCaused by: java.lang.reflect.InvocationTargetException\r\n\tat java.base/jdk.internal.reflect.NativeMethodAccessorImpl.invoke0(Native Method)\r\n\tat java.base/jdk.internal.reflect.NativeMethodAccessorImpl.invoke(NativeMethodAccessorImpl.java:64)\r\n\tat java.base/jdk.internal.reflect.DelegatingMethodAccessorImpl.invoke(DelegatingMethodAccessorImpl.java:43)\r\n\tat java.base/java.lang.reflect.Method.invoke(Method.java:564)\r\n\tat io.appium.java_client.remote.AppiumCommandExecutor$1.createSession(AppiumCommandExecutor.java:193)\r\n\t... 42 more\r\nCaused by: org.openqa.selenium.WebDriverException: An unknown server-side error occurred while processing the command. Original error: The application at 'C:\\Users\\AhmedN2\\OneDrive - Vodafone Group\\Documents\\automation docs\\MyAutomationScript\\MVA-IE-SHAFT_Engine\\nullapk\\DIG18180Fix.apk' does not exist or is not accessible\nBuild info: version: '3.141.59', revision: 'e82be7d358', time: '2018-11-14T08:17:03'\nSystem info: host: 'E0803067', ip: '192.168.1.3', os.name: 'Windows 10', os.arch: 'amd64', os.version: '10.0', java.version: '15.0.2'\nDriver info: driver.version: AndroidDriver\nremote stacktrace: UnknownError: An unknown server-side error occurred while processing the command. Original error: The application at 'C:\\Users\\AhmedN2\\OneDrive - Vodafone Group\\Documents\\automation docs\\MyAutomationScript\\MVA-IE-SHAFT_Engine\\nullapk\\DIG18180Fix.apk' does not exist or is not accessible\n    at getResponseForW3CError (C:\\Users\\AhmedN2\\AppData\\Local\\Programs\\Appium\\resources\\app\\node_modules\\appium\\node_modules\\appium-base-driver\\lib\\protocol\\errors.js:804:9)\n    at asyncHandler (C:\\Users\\AhmedN2\\AppData\\Local\\Programs\\Appium\\resources\\app\\node_modules\\appium\\node_modules\\appium-base-driver\\lib\\protocol\\protocol.js:380:37)\r\n\tat java.base/jdk.internal.reflect.NativeConstructorAccessorImpl.newInstance0(Native Method)\r\n\tat java.base/jdk.internal.reflect.NativeConstructorAccessorImpl.newInstance(NativeConstructorAccessorImpl.java:64)\r\n\tat java.base/jdk.internal.reflect.DelegatingConstructorAccessorImpl.newInstance(DelegatingConstructorAccessorImpl.java:45)\r\n\tat java.base/java.lang.reflect.Constructor.newInstanceWithCaller(Constructor.java:500)\r\n\tat java.base/java.lang.reflect.Constructor.newInstance(Constructor.java:481)\r\n\tat org.openqa.selenium.remote.W3CHandshakeResponse.lambda$errorHandler$0(W3CHandshakeResponse.java:62)\r\n\tat org.openqa.selenium.remote.HandshakeResponse.lambda$getResponseFunction$0(HandshakeResponse.java:30)\r\n\tat org.openqa.selenium.remote.ProtocolHandshake.lambda$createSession$0(ProtocolHandshake.java:126)\r\n\tat java.base/java.util.stream.ReferencePipeline$3$1.accept(ReferencePipeline.java:195)\r\n\tat java.base/java.util.Spliterators$ArraySpliterator.tryAdvance(Spliterators.java:958)\r\n\tat java.base/java.util.stream.ReferencePipeline.forEachWithCancel(ReferencePipeline.java:127)\r\n\tat java.base/java.util.stream.AbstractPipeline.copyIntoWithCancel(AbstractPipeline.java:502)\r\n\tat java.base/java.util.stream.AbstractPipeline.copyInto(AbstractPipeline.java:488)\r\n\tat java.base/java.util.stream.AbstractPipeline.wrapAndCopyInto(AbstractPipeline.java:474)\r\n\tat java.base/java.util.stream.FindOps$FindOp.evaluateSequential(FindOps.java:150)\r\n\tat java.base/java.util.stream.AbstractPipeline.evaluate(AbstractPipeline.java:234)\r\n\tat java.base/java.util.stream.ReferencePipeline.findFirst(ReferencePipeline.java:543)\r\n\tat org.openqa.selenium.remote.ProtocolHandshake.createSession(ProtocolHandshake.java:128)\r\n\t... 47 more\r\n"},"stage":"finished","description":"","steps":[{"name":"Action [1]: File Action [getAbsolutePath] successfully performed. With the following test data [Relative File Path: \"nullapk/DIG18180Fix.apk\"].","status":"passed","stage":"finished","steps":[],"attachments":[{"name":"Attachment: File Action Actual Result - Command Log","source":"fe214aea-3ea9-40ac-b210-7b16407465ff-attachment"}],"parameters":[{"name":"actionCounter","value":"1"},{"name":"logText","value":"File Action [getAbsolutePath] successfully performed. With the following test data [Relative File Path: \"nullapk/DIG18180Fix.apk\"]."},{"name":"attachments","value":"[[File Action Actual Result, Command Log, C:\\Users\\AhmedN2\\OneDrive - Vodafone Group\\Documents\\automation docs\\MyAutomationScript\\MVA-IE-SHAFT_Engine\\nullapk\\DIG18180Fix.apk]]"}],"start":1618231575933,"stop":1618231575950},{"name":"Action [2]: Attempting to run remotely on: [Android], [http://0.0.0.0:4723/wd/hub].","status":"passed","stage":"finished","steps":[],"attachments":[],"parameters":[{"name":"actionCounter","value":"2"},{"name":"logText","value":"Attempting to run remotely on: [Android], [http://0.0.0.0:4723/wd/hub]."}],"start":1618231576459,"stop":1618231576459},{"name":"Action [3]: An Exception Occured with this Message: Unable to create a new remote session. Please check the server log for more details. Original error: An unknown server-side error occurred while processing the command. Original error: The application at 'C:\\Users\\AhmedN2\\OneDrive - Vodafone Group\\Documents\\automation docs\\MyAutomationScript\\MVA-IE-SHAFT_Engine\\nullapk\\DIG18180Fix.apk' does not exist or is not accessible.","status":"passed","stage":"finished","steps":[],"attachments":[{"name":"Attachment: Exception Stack Trace - org.openqa.selenium.SessionNotCreatedException","source":"7eef3d09-1c83-45fd-a0a7-5c57efa4e91d-attachment"}],"parameters":[{"name":"actionCounter","value":"3"},{"name":"logText","value":"An Exception Occured with this Message: Unable to create a new remote session. Please check the server log for more details. Original error: An unknown server-side error occurred while processing the command. Original error: The application at 'C:\\Users\\AhmedN2\\OneDrive - Vodafone Group\\Documents\\automation docs\\MyAutomationScript\\MVA-IE-SHAFT_Engine\\nullapk\\DIG18180Fix.apk' does not exist or is not accessible."},{"name":"attachments","value":"[[Exception Stack Trace, org.openqa.selenium.SessionNotCreatedException, org.openqa.selenium.SessionNotCreatedException:\r\nUnable to create a new remote session. Please check the server log for more details. Original error: An unknown server-side error occurred while processing the command. Original error: The application at 'C:\\Users\\AhmedN2\\OneDrive - Vodafone Group\\Documents\\automation docs\\MyAutomationScript\\MVA-IE-SHAFT_Engine\\nullapk\\DIG18180Fix.apk' does not exist or is not accessible\nBuild info: version: '3.141.59', revision: 'e82be7d358', time: '2018-11-14T08:17:03'\nSystem info: host: 'E0803067', ip: '192.168.1.3', os.name: 'Windows 10', os.arch: 'amd64', os.version: '10.0', java.version: '15.0.2'\nDriver info: driver.version: AndroidDriver\nremote stacktrace: UnknownError: An unknown server-side error occurred while processing the command. Original error: The application at 'C:\\Users\\AhmedN2\\OneDrive - Vodafone Group\\Documents\\automation docs\\MyAutomationScript\\MVA-IE-SHAFT_Engine\\nullapk\\DIG18180Fix.apk' does not exist or is not accessible\n    at getResponseForW3CError (C:\\Users\\AhmedN2\\AppData\\Local\\Programs\\Appium\\resources\\app\\node_modules\\appium\\node_modules\\appium-base-driver\\lib\\protocol\\errors.js:804:9)\n    at asyncHandler (C:\\Users\\AhmedN2\\AppData\\Local\\Programs\\Appium\\resources\\app\\node_modules\\appium\\node_modules\\appium-base-driver\\lib\\protocol\\protocol.js:380:37)\nBuild info: version: '3.141.59', revision: 'e82be7d358', time: '2018-11-14T08:17:03'\nSystem info: host: 'E0803067', ip: '192.168.1.3', os.name: 'Windows 10', os.arch: 'amd64', os.version: '10.0', java.version: '15.0.2'\nDriver info: driver.version: AndroidDriver\r\nio.appium.java_client.remote.AppiumCommandExecutor$1.createSession(AppiumCommandExecutor.java:216)\r\nio.appium.java_client.remote.AppiumCommandExecutor.createSession(AppiumCommandExecutor.java:225)\r\nio.appium.java_client.remote.AppiumCommandExecutor.execute(AppiumCommandExecutor.java:247)\r\norg.openqa.selenium.remote.RemoteWebDriver.execute(RemoteWebDriver.java:552)\r\nio.appium.java_client.DefaultGenericMobileDriver.execute(DefaultGenericMobileDriver.java:41)\r\nio.appium.java_client.AppiumDriver.execute(AppiumDriver.java:1)\r\nio.appium.java_client.android.AndroidDriver.execute(AndroidDriver.java:1)\r\norg.openqa.selenium.remote.RemoteWebDriver.startSession(RemoteWebDriver.java:213)\r\nio.appium.java_client.AppiumDriver.startSession(AppiumDriver.java:338)\r\norg.openqa.selenium.remote.RemoteWebDriver.<init>(RemoteWebDriver.java:131)\r\nio.appium.java_client.DefaultGenericMobileDriver.<init>(DefaultGenericMobileDriver.java:37)\r\nio.appium.java_client.AppiumDriver.<init>(AppiumDriver.java:89)\r\nio.appium.java_client.AppiumDriver.<init>(AppiumDriver.java:99)\r\nio.appium.java_client.android.AndroidDriver.<init>(AndroidDriver.java:96)\r\ncom.shaft.gui.browser.BrowserFactory.createNewRemoteDriverInstance(BrowserFactory.java:537)\r\ncom.shaft.gui.browser.BrowserFactory.getBrowser(BrowserFactory.java:674)\r\ncom.shaft.gui.browser.BrowserFactory.getBrowser(BrowserFactory.java:104)\r\ntestCaseSample.TC248_ValidateAddOnsPagePAYGUserWithMonthlyAddOns.beforeClass(TC248_ValidateAddOnsPagePAYGUserWithMonthlyAddOns.java:25)\r\njava.base/jdk.internal.reflect.NativeMethodAccessorImpl.invoke0(Native Method)\r\njava.base/jdk.internal.reflect.NativeMethodAccessorImpl.invoke(NativeMethodAccessorImpl.java:64)\r\njava.base/jdk.internal.reflect.DelegatingMethodAccessorImpl.invoke(DelegatingMethodAccessorImpl.java:43)\r\njava.base/java.lang.reflect.Method.invoke(Method.java:564)\r\norg.testng.internal.MethodInvocationHelper.invokeMethod(MethodInvocationHelper.java:133)\r\norg.testng.internal.MethodInvocationHelper.invokeMethodConsideringTimeout(MethodInvocationHelper.java:62)\r\norg.testng.internal.ConfigInvoker.invokeConfigurationMethod(ConfigInvoker.java:385)\r\norg.testng.internal.ConfigInvoker.invokeConfigurations(ConfigInvoker.java:321)\r\norg.testng.internal.TestMethodWorker.invokeBeforeClassMethods(TestMethodWorker.java:176)\r\norg.testng.internal.TestMethodWorker.run(TestMethodWorker.java:122)\r\njava.base/java.util.ArrayList.forEach(ArrayList.java:1511)\r\norg.testng.TestRunner.privateRun(TestRunner.java:794)\r\norg.testng.TestRunner.run(TestRunner.java:596)\r\norg.testng.SuiteRunner.runTest(SuiteRunner.java:377)\r\norg.testng.SuiteRunner.runSequentially(SuiteRunner.java:371)\r\norg.testng.SuiteRunner.privateRun(SuiteRunner.java:332)\r\norg.testng.SuiteRunner.run(SuiteRunner.java:276)\r\norg.testng.SuiteRunnerWorker.runSuite(SuiteRunnerWorker.java:53)\r\norg.testng.SuiteRunnerWorker.run(SuiteRunnerWorker.java:96)\r\norg.testng.TestNG.runSuitesSequentially(TestNG.java:1212)\r\norg.testng.TestNG.runSuitesLocally(TestNG.java:1134)\r\norg.testng.TestNG.runSuites(TestNG.java:1063)\r\norg.testng.TestNG.run(TestNG.java:1031)\r\ncom.intellij.rt.testng.IDEARemoteTestNG.run(IDEARemoteTestNG.java:66)\r\ncom.intellij.rt.testng.RemoteTestNGStarter.main(RemoteTestNGStarter.java:109)\r\n\r\nCaused by: java.lang.reflect.InvocationTargetException:\r\nnull\r\njava.base/jdk.internal.reflect.NativeMethodAccessorImpl.invoke0(Native Method)\r\njava.base/jdk.internal.reflect.NativeMethodAccessorImpl.invoke(NativeMethodAccessorImpl.java:64)\r\njava.base/jdk.internal.reflect.DelegatingMethodAccessorImpl.invoke(DelegatingMethodAccessorImpl.java:43)\r\njava.base/java.lang.reflect.Method.invoke(Method.java:564)\r\nio.appium.java_client.remote.AppiumCommandExecutor$1.createSession(AppiumCommandExecutor.java:193)\r\nio.appium.java_client.remote.AppiumCommandExecutor.createSession(AppiumCommandExecutor.java:225)\r\nio.appium.java_client.remote.AppiumCommandExecutor.execute(AppiumCommandExecutor.java:247)\r\norg.openqa.selenium.remote.RemoteWebDriver.execute(RemoteWebDriver.java:552)\r\nio.appium.java_client.DefaultGenericMobileDriver.execute(DefaultGenericMobileDriver.java:41)\r\nio.appium.java_client.AppiumDriver.execute(AppiumDriver.java:1)\r\nio.appium.java_client.android.AndroidDriver.execute(AndroidDriver.java:1)\r\norg.openqa.selenium.remote.RemoteWebDriver.startSession(RemoteWebDriver.java:213)\r\nio.appium.java_client.AppiumDriver.startSession(AppiumDriver.java:338)\r\norg.openqa.selenium.remote.RemoteWebDriver.<init>(RemoteWebDriver.java:131)\r\nio.appium.java_client.DefaultGenericMobileDriver.<init>(DefaultGenericMobileDriver.java:37)\r\nio.appium.java_client.AppiumDriver.<init>(AppiumDriver.java:89)\r\nio.appium.java_client.AppiumDriver.<init>(AppiumDriver.java:99)\r\nio.appium.java_client.android.AndroidDriver.<init>(AndroidDriver.java:96)\r\ncom.shaft.gui.browser.BrowserFactory.createNewRemoteDriverInstance(BrowserFactory.java:537)\r\ncom.shaft.gui.browser.BrowserFactory.getBrowser(BrowserFactory.java:674)\r\ncom.shaft.gui.browser.BrowserFactory.getBrowser(BrowserFactory.java:104)\r\ntestCaseSample.TC248_ValidateAddOnsPagePAYGUserWithMonthlyAddOns.beforeClass(TC248_ValidateAddOnsPagePAYGUserWithMonthlyAddOns.java:25)\r\njava.base/jdk.internal.reflect.NativeMethodAccessorImpl.invoke0(Native Method)\r\njava.base/jdk.internal.reflect.NativeMethodAccessorImpl.invoke(NativeMethodAccessorImpl.java:64)\r\njava.base/jdk.internal.reflect.DelegatingMethodAccessorImpl.invoke(DelegatingMethodAccessorImpl.java:43)\r\njava.base/java.lang.reflect.Method.invoke(Method.java:564)\r\norg.testng.internal.MethodInvocationHelper.invokeMethod(MethodInvocationHelper.java:133)\r\norg.testng.internal.MethodInvocationHelper.invokeMethodConsideringTimeout(MethodInvocationHelper.java:62)\r\norg.testng.internal.ConfigInvoker.invokeConfigurationMethod(ConfigInvoker.java:385)\r\norg.testng.internal.ConfigInvoker.invokeConfigurations(ConfigInvoker.java:321)\r\norg.testng.internal.TestMethodWorker.invokeBeforeClassMethods(TestMethodWorker.java:176)\r\norg.testng.internal.TestMethodWorker.run(TestMethodWorker.java:122)\r\njava.base/java.util.ArrayList.forEach(ArrayList.java:1511)\r\norg.testng.TestRunner.privateRun(TestRunner.java:794)\r\norg.testng.TestRunner.run(TestRunner.java:596)\r\norg.testng.SuiteRunner.runTest(SuiteRunner.java:377)\r\norg.testng.SuiteRunner.runSequentially(SuiteRunner.java:371)\r\norg.testng.SuiteRunner.privateRun(SuiteRunner.java:332)\r\norg.testng.SuiteRunner.run(SuiteRunner.java:276)\r\norg.testng.SuiteRunnerWorker.runSuite(SuiteRunnerWorker.java:53)\r\norg.testng.SuiteRunnerWorker.run(SuiteRunnerWorker.java:96)\r\norg.testng.TestNG.runSuitesSequentially(TestNG.java:1212)\r\norg.testng.TestNG.runSuitesLocally(TestNG.java:1134)\r\norg.testng.TestNG.runSuites(TestNG.java:1063)\r\norg.testng.TestNG.run(TestNG.java:1031)\r\ncom.intellij.rt.testng.IDEARemoteTestNG.run(IDEARemoteTestNG.java:66)\r\ncom.intellij.rt.testng.RemoteTestNGStarter.main(RemoteTestNGStarter.java:109)\r\n\r\nCaused by: org.openqa.selenium.WebDriverException:\r\nAn unknown server-side error occurred while processing the command. Original error: The application at 'C:\\Users\\AhmedN2\\OneDrive - Vodafone Group\\Documents\\automation docs\\MyAutomationScript\\MVA-IE-SHAFT_Engine\\nullapk\\DIG18180Fix.apk' does not exist or is not accessible\nBuild info: version: '3.141.59', revision: 'e82be7d358', time: '2018-11-14T08:17:03'\nSystem info: host: 'E0803067', ip: '192.168.1.3', os.name: 'Windows 10', os.arch: 'amd64', os.version: '10.0', java.version: '15.0.2'\nDriver info: driver.version: AndroidDriver\nremote stacktrace: UnknownError: An unknown server-side error occurred while processing the command. Original error: The application at 'C:\\Users\\AhmedN2\\OneDrive - Vodafone Group\\Documents\\automation docs\\MyAutomationScript\\MVA-IE-SHAFT_Engine\\nullapk\\DIG18180Fix.apk' does not exist or is not accessible\n    at getResponseForW3CError (C:\\Users\\AhmedN2\\AppData\\Local\\Programs\\Appium\\resources\\app\\node_modules\\appium\\node_modules\\appium-base-driver\\lib\\protocol\\errors.js:804:9)\n    at asyncHandler (C:\\Users\\AhmedN2\\AppData\\Local\\Programs\\Appium\\resources\\app\\node_modules\\appium\\node_modules\\appium-base-driver\\lib\\protocol\\protocol.js:380:37)\r\njava.base/jdk.internal.reflect.NativeConstructorAccessorImpl.newInstance0(Native Method)\r\njava.base/jdk.internal.reflect.NativeConstructorAccessorImpl.newInstance(NativeConstructorAccessorImpl.java:64)\r\njava.base/jdk.internal.reflect.DelegatingConstructorAccessorImpl.newInstance(DelegatingConstructorAccessorImpl.java:45)\r\njava.base/java.lang.reflect.Constructor.newInstanceWithCaller(Constructor.java:500)\r\njava.base/java.lang.reflect.Constructor.newInstance(Constructor.java:481)\r\norg.openqa.selenium.remote.W3CHandshakeResponse.lambda$errorHandler$0(W3CHandshakeResponse.java:62)\r\norg.openqa.selenium.remote.HandshakeResponse.lambda$getResponseFunction$0(HandshakeResponse.java:30)\r\norg.openqa.selenium.remote.ProtocolHandshake.lambda$createSession$0(ProtocolHandshake.java:126)\r\njava.base/java.util.stream.ReferencePipeline$3$1.accept(ReferencePipeline.java:195)\r\njava.base/java.util.Spliterators$ArraySpliterator.tryAdvance(Spliterators.java:958)\r\njava.base/java.util.stream.ReferencePipeline.forEachWithCancel(ReferencePipeline.java:127)\r\njava.base/java.util.stream.AbstractPipeline.copyIntoWithCancel(AbstractPipeline.java:502)\r\njava.base/java.util.stream.AbstractPipeline.copyInto(AbstractPipeline.java:488)\r\njava.base/java.util.stream.AbstractPipeline.wrapAndCopyInto(AbstractPipeline.java:474)\r\njava.base/java.util.stream.FindOps$FindOp.evaluateSequential(FindOps.java:150)\r\njava.base/java.util.stream.AbstractPipeline.evaluate(AbstractPipeline.java:234)\r\njava.base/java.util.stream.ReferencePipeline.findFirst(ReferencePipeline.java:543)\r\norg.openqa.selenium.remote.ProtocolHandshake.createSession(ProtocolHandshake.java:128)\r\njava.base/jdk.internal.reflect.NativeMethodAccessorImpl.invoke0(Native Method)\r\njava.base/jdk.internal.reflect.NativeMethodAccessorImpl.invoke(NativeMethodAccessorImpl.java:64)\r\njava.base/jdk.internal.reflect.DelegatingMethodAccessorImpl.invoke(DelegatingMethodAccessorImpl.java:43)\r\njava.base/java.lang.reflect.Method.invoke(Method.java:564)\r\nio.appium.java_client.remote.AppiumCommandExecutor$1.createSession(AppiumCommandExecutor.java:193)\r\nio.appium.java_client.remote.AppiumCommandExecutor.createSession(AppiumCommandExecutor.java:225)\r\nio.appium.java_client.remote.AppiumCommandExecutor.execute(AppiumCommandExecutor.java:247)\r\norg.openqa.selenium.remote.RemoteWebDriver.execute(RemoteWebDriver.java:552)\r\nio.appium.java_client.DefaultGenericMobileDriver.execute(DefaultGenericMobileDriver.java:41)\r\nio.appium.java_client.AppiumDriver.execute(AppiumDriver.java:1)\r\nio.appium.java_client.android.AndroidDriver.execute(AndroidDriver.java:1)\r\norg.openqa.selenium.remote.RemoteWebDriver.startSession(RemoteWebDriver.java:213)\r\nio.appium.java_client.AppiumDriver.startSession(AppiumDriver.java:338)\r\norg.openqa.selenium.remote.RemoteWebDriver.<init>(RemoteWebDriver.java:131)\r\nio.appium.java_client.DefaultGenericMobileDriver.<init>(DefaultGenericMobileDriver.java:37)\r\nio.appium.java_client.AppiumDriver.<init>(AppiumDriver.java:89)\r\nio.appium.java_client.AppiumDriver.<init>(AppiumDriver.java:99)\r\nio.appium.java_client.android.AndroidDriver.<init>(AndroidDriver.java:96)\r\ncom.shaft.gui.browser.BrowserFactory.createNewRemoteDriverInstance(BrowserFactory.java:537)\r\ncom.shaft.gui.browser.BrowserFactory.getBrowser(BrowserFactory.java:674)\r\ncom.shaft.gui.browser.BrowserFactory.getBrowser(BrowserFactory.java:104)\r\ntestCaseSample.TC248_ValidateAddOnsPagePAYGUserWithMonthlyAddOns.beforeClass(TC248_ValidateAddOnsPagePAYGUserWithMonthlyAddOns.java:25)\r\njava.base/jdk.internal.reflect.NativeMethodAccessorImpl.invoke0(Native Method)\r\njava.base/jdk.internal.reflect.NativeMethodAccessorImpl.invoke(NativeMethodAccessorImpl.java:64)\r\njava.base/jdk.internal.reflect.DelegatingMethodAccessorImpl.invoke(DelegatingMethodAccessorImpl.java:43)\r\njava.base/java.lang.reflect.Method.invoke(Method.java:564)\r\norg.testng.internal.MethodInvocationHelper.invokeMethod(MethodInvocationHelper.java:133)\r\norg.testng.internal.MethodInvocationHelper.invokeMethodConsideringTimeout(MethodInvocationHelper.java:62)\r\norg.testng.internal.ConfigInvoker.invokeConfigurationMethod(ConfigInvoker.java:385)\r\norg.testng.internal.ConfigInvoker.invokeConfigurations(ConfigInvoker.java:321)\r\norg.testng.internal.TestMethodWorker.invokeBeforeClassMethods(TestMethodWorker.java:176)\r\norg.testng.internal.TestMethodWorker.run(TestMethodWorker.java:122)\r\njava.base/java.util.ArrayList.forEach(ArrayList.java:1511)\r\norg.testng.TestRunner.privateRun(TestRunner.java:794)\r\norg.testng.TestRunner.run(TestRunner.java:596)\r\norg.testng.SuiteRunner.runTest(SuiteRunner.java:377)\r\norg.testng.SuiteRunner.runSequentially(SuiteRunner.java:371)\r\norg.testng.SuiteRunner.privateRun(SuiteRunner.java:332)\r\norg.testng.SuiteRunner.run(SuiteRunner.java:276)\r\norg.testng.SuiteRunnerWorker.runSuite(SuiteRunnerWorker.java:53)\r\norg.testng.SuiteRunnerWorker.run(SuiteRunnerWorker.java:96)\r\norg.testng.TestNG.runSuitesSequentially(TestNG.java:1212)\r\norg.testng.TestNG.runSuitesLocally(TestNG.java:1134)\r\norg.testng.TestNG.runSuites(TestNG.java:1063)\r\norg.testng.TestNG.run(TestNG.java:1031)\r\ncom.intellij.rt.testng.IDEARemoteTestNG.run(IDEARemoteTestNG.java:66)\r\ncom.intellij.rt.testng.RemoteTestNGStarter.main(RemoteTestNGStarter.java:109)\r\n]]"}],"start":1618231578184,"stop":1618231578189},{"name":"Action [5]: Failed to run remotely on: [Android], [GoogleChrome], [http://0.0.0.0:4723/wd/hub].","status":"passed","stage":"finished","steps":[],"attachments":[],"parameters":[{"name":"actionCounter","value":"5"},{"name":"logText","value":"Failed to run remotely on: [Android], [GoogleChrome], [http://0.0.0.0:4723/wd/hub]."}],"start":1618231578190,"stop":1618231578190},{"name":"Action [6]: Browser Factory Action [createNewRemoteDriverInstance] failed. With the following test data [Unhandled Error.].","status":"passed","stage":"finished","steps":[],"attachments":[],"parameters":[{"name":"actionCounter","value":"6"},{"name":"logText","value":"Browser Factory Action [createNewRemoteDriverInstance] failed. With the following test data [Unhandled Error.]."}],"start":1618231578191,"stop":1618231578191},{"name":"Action [7]: An Exception Occured with this Message: Unable to create a new remote session. Please check the server log for more details. Original error: An unknown server-side error occurred while processing the command. Original error: The application at 'C:\\Users\\AhmedN2\\OneDrive - Vodafone Group\\Documents\\automation docs\\MyAutomationScript\\MVA-IE-SHAFT_Engine\\nullapk\\DIG18180Fix.apk' does not exist or is not accessible.","status":"passed","stage":"finished","steps":[],"attachments":[{"name":"Attachment: Exception Stack Trace - org.openqa.selenium.SessionNotCreatedException","source":"b5c65732-41f0-4aaf-82d2-0e4bfd1dea67-attachment"}],"parameters":[{"name":"actionCounter","value":"7"},{"name":"logText","value":"An Exception Occured with this Message: Unable to create a new remote session. Please check the server log for more details. Original error: An unknown server-side error occurred while processing the command. Original error: The application at 'C:\\Users\\AhmedN2\\OneDrive - Vodafone Group\\Documents\\automation docs\\MyAutomationScript\\MVA-IE-SHAFT_Engine\\nullapk\\DIG18180Fix.apk' does not exist or is not accessible."},{"name":"attachments","value":"[[Exception Stack Trace, org.openqa.selenium.SessionNotCreatedException, org.openqa.selenium.SessionNotCreatedException:\r\nUnable to create a new remote session. Please check the server log for more details. Original error: An unknown server-side error occurred while processing the command. Original error: The application at 'C:\\Users\\AhmedN2\\OneDrive - Vodafone Group\\Documents\\automation docs\\MyAutomationScript\\MVA-IE-SHAFT_Engine\\nullapk\\DIG18180Fix.apk' does not exist or is not accessible\nBuild info: version: '3.141.59', revision: 'e82be7d358', time: '2018-11-14T08:17:03'\nSystem info: host: 'E0803067', ip: '192.168.1.3', os.name: 'Windows 10', os.arch: 'amd64', os.version: '10.0', java.version: '15.0.2'\nDriver info: driver.version: AndroidDriver\nremote stacktrace: UnknownError: An unknown server-side error occurred while processing the command. Original error: The application at 'C:\\Users\\AhmedN2\\OneDrive - Vodafone Group\\Documents\\automation docs\\MyAutomationScript\\MVA-IE-SHAFT_Engine\\nullapk\\DIG18180Fix.apk' does not exist or is not accessible\n    at getResponseForW3CError (C:\\Users\\AhmedN2\\AppData\\Local\\Programs\\Appium\\resources\\app\\node_modules\\appium\\node_modules\\appium-base-driver\\lib\\protocol\\errors.js:804:9)\n    at asyncHandler (C:\\Users\\AhmedN2\\AppData\\Local\\Programs\\Appium\\resources\\app\\node_modules\\appium\\node_modules\\appium-base-driver\\lib\\protocol\\protocol.js:380:37)\nBuild info: version: '3.141.59', revision: 'e82be7d358', time: '2018-11-14T08:17:03'\nSystem info: host: 'E0803067', ip: '192.168.1.3', os.name: 'Windows 10', os.arch: 'amd64', os.version: '10.0', java.version: '15.0.2'\nDriver info: driver.version: AndroidDriver\r\nio.appium.java_client.remote.AppiumCommandExecutor$1.createSession(AppiumCommandExecutor.java:216)\r\nio.appium.java_client.remote.AppiumCommandExecutor.createSession(AppiumCommandExecutor.java:225)\r\nio.appium.java_client.remote.AppiumCommandExecutor.execute(AppiumCommandExecutor.java:247)\r\norg.openqa.selenium.remote.RemoteWebDriver.execute(RemoteWebDriver.java:552)\r\nio.appium.java_client.DefaultGenericMobileDriver.execute(DefaultGenericMobileDriver.java:41)\r\nio.appium.java_client.AppiumDriver.execute(AppiumDriver.java:1)\r\nio.appium.java_client.android.AndroidDriver.execute(AndroidDriver.java:1)\r\norg.openqa.selenium.remote.RemoteWebDriver.startSession(RemoteWebDriver.java:213)\r\nio.appium.java_client.AppiumDriver.startSession(AppiumDriver.java:338)\r\norg.openqa.selenium.remote.RemoteWebDriver.<init>(RemoteWebDriver.java:131)\r\nio.appium.java_client.DefaultGenericMobileDriver.<init>(DefaultGenericMobileDriver.java:37)\r\nio.appium.java_client.AppiumDriver.<init>(AppiumDriver.java:89)\r\nio.appium.java_client.AppiumDriver.<init>(AppiumDriver.java:99)\r\nio.appium.java_client.android.AndroidDriver.<init>(AndroidDriver.java:96)\r\ncom.shaft.gui.browser.BrowserFactory.createNewRemoteDriverInstance(BrowserFactory.java:537)\r\ncom.shaft.gui.browser.BrowserFactory.getBrowser(BrowserFactory.java:674)\r\ncom.shaft.gui.browser.BrowserFactory.getBrowser(BrowserFactory.java:104)\r\ntestCaseSample.TC248_ValidateAddOnsPagePAYGUserWithMonthlyAddOns.beforeClass(TC248_ValidateAddOnsPagePAYGUserWithMonthlyAddOns.java:25)\r\njava.base/jdk.internal.reflect.NativeMethodAccessorImpl.invoke0(Native Method)\r\njava.base/jdk.internal.reflect.NativeMethodAccessorImpl.invoke(NativeMethodAccessorImpl.java:64)\r\njava.base/jdk.internal.reflect.DelegatingMethodAccessorImpl.invoke(DelegatingMethodAccessorImpl.java:43)\r\njava.base/java.lang.reflect.Method.invoke(Method.java:564)\r\norg.testng.internal.MethodInvocationHelper.invokeMethod(MethodInvocationHelper.java:133)\r\norg.testng.internal.MethodInvocationHelper.invokeMethodConsideringTimeout(MethodInvocationHelper.java:62)\r\norg.testng.internal.ConfigInvoker.invokeConfigurationMethod(ConfigInvoker.java:385)\r\norg.testng.internal.ConfigInvoker.invokeConfigurations(ConfigInvoker.java:321)\r\norg.testng.internal.TestMethodWorker.invokeBeforeClassMethods(TestMethodWorker.java:176)\r\norg.testng.internal.TestMethodWorker.run(TestMethodWorker.java:122)\r\njava.base/java.util.ArrayList.forEach(ArrayList.java:1511)\r\norg.testng.TestRunner.privateRun(TestRunner.java:794)\r\norg.testng.TestRunner.run(TestRunner.java:596)\r\norg.testng.SuiteRunner.runTest(SuiteRunner.java:377)\r\norg.testng.SuiteRunner.runSequentially(SuiteRunner.java:371)\r\norg.testng.SuiteRunner.privateRun(SuiteRunner.java:332)\r\norg.testng.SuiteRunner.run(SuiteRunner.java:276)\r\norg.testng.SuiteRunnerWorker.runSuite(SuiteRunnerWorker.java:53)\r\norg.testng.SuiteRunnerWorker.run(SuiteRunnerWorker.java:96)\r\norg.testng.TestNG.runSuitesSequentially(TestNG.java:1212)\r\norg.testng.TestNG.runSuitesLocally(TestNG.java:1134)\r\norg.testng.TestNG.runSuites(TestNG.java:1063)\r\norg.testng.TestNG.run(TestNG.java:1031)\r\ncom.intellij.rt.testng.IDEARemoteTestNG.run(IDEARemoteTestNG.java:66)\r\ncom.intellij.rt.testng.RemoteTestNGStarter.main(RemoteTestNGStarter.java:109)\r\n\r\nCaused by: java.lang.reflect.InvocationTargetException:\r\nnull\r\njava.base/jdk.internal.reflect.NativeMethodAccessorImpl.invoke0(Native Method)\r\njava.base/jdk.internal.reflect.NativeMethodAccessorImpl.invoke(NativeMethodAccessorImpl.java:64)\r\njava.base/jdk.internal.reflect.DelegatingMethodAccessorImpl.invoke(DelegatingMethodAccessorImpl.java:43)\r\njava.base/java.lang.reflect.Method.invoke(Method.java:564)\r\nio.appium.java_client.remote.AppiumCommandExecutor$1.createSession(AppiumCommandExecutor.java:193)\r\nio.appium.java_client.remote.AppiumCommandExecutor.createSession(AppiumCommandExecutor.java:225)\r\nio.appium.java_client.remote.AppiumCommandExecutor.execute(AppiumCommandExecutor.java:247)\r\norg.openqa.selenium.remote.RemoteWebDriver.execute(RemoteWebDriver.java:552)\r\nio.appium.java_client.DefaultGenericMobileDriver.execute(DefaultGenericMobileDriver.java:41)\r\nio.appium.java_client.AppiumDriver.execute(AppiumDriver.java:1)\r\nio.appium.java_client.android.AndroidDriver.execute(AndroidDriver.java:1)\r\norg.openqa.selenium.remote.RemoteWebDriver.startSession(RemoteWebDriver.java:213)\r\nio.appium.java_client.AppiumDriver.startSession(AppiumDriver.java:338)\r\norg.openqa.selenium.remote.RemoteWebDriver.<init>(RemoteWebDriver.java:131)\r\nio.appium.java_client.DefaultGenericMobileDriver.<init>(DefaultGenericMobileDriver.java:37)\r\nio.appium.java_client.AppiumDriver.<init>(AppiumDriver.java:89)\r\nio.appium.java_client.AppiumDriver.<init>(AppiumDriver.java:99)\r\nio.appium.java_client.android.AndroidDriver.<init>(AndroidDriver.java:96)\r\ncom.shaft.gui.browser.BrowserFactory.createNewRemoteDriverInstance(BrowserFactory.java:537)\r\ncom.shaft.gui.browser.BrowserFactory.getBrowser(BrowserFactory.java:674)\r\ncom.shaft.gui.browser.BrowserFactory.getBrowser(BrowserFactory.java:104)\r\ntestCaseSample.TC248_ValidateAddOnsPagePAYGUserWithMonthlyAddOns.beforeClass(TC248_ValidateAddOnsPagePAYGUserWithMonthlyAddOns.java:25)\r\njava.base/jdk.internal.reflect.NativeMethodAccessorImpl.invoke0(Native Method)\r\njava.base/jdk.internal.reflect.NativeMethodAccessorImpl.invoke(NativeMethodAccessorImpl.java:64)\r\njava.base/jdk.internal.reflect.DelegatingMethodAccessorImpl.invoke(DelegatingMethodAccessorImpl.java:43)\r\njava.base/java.lang.reflect.Method.invoke(Method.java:564)\r\norg.testng.internal.MethodInvocationHelper.invokeMethod(MethodInvocationHelper.java:133)\r\norg.testng.internal.MethodInvocationHelper.invokeMethodConsideringTimeout(MethodInvocationHelper.java:62)\r\norg.testng.internal.ConfigInvoker.invokeConfigurationMethod(ConfigInvoker.java:385)\r\norg.testng.internal.ConfigInvoker.invokeConfigurations(ConfigInvoker.java:321)\r\norg.testng.internal.TestMethodWorker.invokeBeforeClassMethods(TestMethodWorker.java:176)\r\norg.testng.internal.TestMethodWorker.run(TestMethodWorker.java:122)\r\njava.base/java.util.ArrayList.forEach(ArrayList.java:1511)\r\norg.testng.TestRunner.privateRun(TestRunner.java:794)\r\norg.testng.TestRunner.run(TestRunner.java:596)\r\norg.testng.SuiteRunner.runTest(SuiteRunner.java:377)\r\norg.testng.SuiteRunner.runSequentially(SuiteRunner.java:371)\r\norg.testng.SuiteRunner.privateRun(SuiteRunner.java:332)\r\norg.testng.SuiteRunner.run(SuiteRunner.java:276)\r\norg.testng.SuiteRunnerWorker.runSuite(SuiteRunnerWorker.java:53)\r\norg.testng.SuiteRunnerWorker.run(SuiteRunnerWorker.java:96)\r\norg.testng.TestNG.runSuitesSequentially(TestNG.java:1212)\r\norg.testng.TestNG.runSuitesLocally(TestNG.java:1134)\r\norg.testng.TestNG.runSuites(TestNG.java:1063)\r\norg.testng.TestNG.run(TestNG.java:1031)\r\ncom.intellij.rt.testng.IDEARemoteTestNG.run(IDEARemoteTestNG.java:66)\r\ncom.intellij.rt.testng.RemoteTestNGStarter.main(RemoteTestNGStarter.java:109)\r\n\r\nCaused by: org.openqa.selenium.WebDriverException:\r\nAn unknown server-side error occurred while processing the command. Original error: The application at 'C:\\Users\\AhmedN2\\OneDrive - Vodafone Group\\Documents\\automation docs\\MyAutomationScript\\MVA-IE-SHAFT_Engine\\nullapk\\DIG18180Fix.apk' does not exist or is not accessible\nBuild info: version: '3.141.59', revision: 'e82be7d358', time: '2018-11-14T08:17:03'\nSystem info: host: 'E0803067', ip: '192.168.1.3', os.name: 'Windows 10', os.arch: 'amd64', os.version: '10.0', java.version: '15.0.2'\nDriver info: driver.version: AndroidDriver\nremote stacktrace: UnknownError: An unknown server-side error occurred while processing the command. Original error: The application at 'C:\\Users\\AhmedN2\\OneDrive - Vodafone Group\\Documents\\automation docs\\MyAutomationScript\\MVA-IE-SHAFT_Engine\\nullapk\\DIG18180Fix.apk' does not exist or is not accessible\n    at getResponseForW3CError (C:\\Users\\AhmedN2\\AppData\\Local\\Programs\\Appium\\resources\\app\\node_modules\\appium\\node_modules\\appium-base-driver\\lib\\protocol\\errors.js:804:9)\n    at asyncHandler (C:\\Users\\AhmedN2\\AppData\\Local\\Programs\\Appium\\resources\\app\\node_modules\\appium\\node_modules\\appium-base-driver\\lib\\protocol\\protocol.js:380:37)\r\njava.base/jdk.internal.reflect.NativeConstructorAccessorImpl.newInstance0(Native Method)\r\njava.base/jdk.internal.reflect.NativeConstructorAccessorImpl.newInstance(NativeConstructorAccessorImpl.java:64)\r\njava.base/jdk.internal.reflect.DelegatingConstructorAccessorImpl.newInstance(DelegatingConstructorAccessorImpl.java:45)\r\njava.base/java.lang.reflect.Constructor.newInstanceWithCaller(Constructor.java:500)\r\njava.base/java.lang.reflect.Constructor.newInstance(Constructor.java:481)\r\norg.openqa.selenium.remote.W3CHandshakeResponse.lambda$errorHandler$0(W3CHandshakeResponse.java:62)\r\norg.openqa.selenium.remote.HandshakeResponse.lambda$getResponseFunction$0(HandshakeResponse.java:30)\r\norg.openqa.selenium.remote.ProtocolHandshake.lambda$createSession$0(ProtocolHandshake.java:126)\r\njava.base/java.util.stream.ReferencePipeline$3$1.accept(ReferencePipeline.java:195)\r\njava.base/java.util.Spliterators$ArraySpliterator.tryAdvance(Spliterators.java:958)\r\njava.base/java.util.stream.ReferencePipeline.forEachWithCancel(ReferencePipeline.java:127)\r\njava.base/java.util.stream.AbstractPipeline.copyIntoWithCancel(AbstractPipeline.java:502)\r\njava.base/java.util.stream.AbstractPipeline.copyInto(AbstractPipeline.java:488)\r\njava.base/java.util.stream.AbstractPipeline.wrapAndCopyInto(AbstractPipeline.java:474)\r\njava.base/java.util.stream.FindOps$FindOp.evaluateSequential(FindOps.java:150)\r\njava.base/java.util.stream.AbstractPipeline.evaluate(AbstractPipeline.java:234)\r\njava.base/java.util.stream.ReferencePipeline.findFirst(ReferencePipeline.java:543)\r\norg.openqa.selenium.remote.ProtocolHandshake.createSession(ProtocolHandshake.java:128)\r\njava.base/jdk.internal.reflect.NativeMethodAccessorImpl.invoke0(Native Method)\r\njava.base/jdk.internal.reflect.NativeMethodAccessorImpl.invoke(NativeMethodAccessorImpl.java:64)\r\njava.base/jdk.internal.reflect.DelegatingMethodAccessorImpl.invoke(DelegatingMethodAccessorImpl.java:43)\r\njava.base/java.lang.reflect.Method.invoke(Method.java:564)\r\nio.appium.java_client.remote.AppiumCommandExecutor$1.createSession(AppiumCommandExecutor.java:193)\r\nio.appium.java_client.remote.AppiumCommandExecutor.createSession(AppiumCommandExecutor.java:225)\r\nio.appium.java_client.remote.AppiumCommandExecutor.execute(AppiumCommandExecutor.java:247)\r\norg.openqa.selenium.remote.RemoteWebDriver.execute(RemoteWebDriver.java:552)\r\nio.appium.java_client.DefaultGenericMobileDriver.execute(DefaultGenericMobileDriver.java:41)\r\nio.appium.java_client.AppiumDriver.execute(AppiumDriver.java:1)\r\nio.appium.java_client.android.AndroidDriver.execute(AndroidDriver.java:1)\r\norg.openqa.selenium.remote.RemoteWebDriver.startSession(RemoteWebDriver.java:213)\r\nio.appium.java_client.AppiumDriver.startSession(AppiumDriver.java:338)\r\norg.openqa.selenium.remote.RemoteWebDriver.<init>(RemoteWebDriver.java:131)\r\nio.appium.java_client.DefaultGenericMobileDriver.<init>(DefaultGenericMobileDriver.java:37)\r\nio.appium.java_client.AppiumDriver.<init>(AppiumDriver.java:89)\r\nio.appium.java_client.AppiumDriver.<init>(AppiumDriver.java:99)\r\nio.appium.java_client.android.AndroidDriver.<init>(AndroidDriver.java:96)\r\ncom.shaft.gui.browser.BrowserFactory.createNewRemoteDriverInstance(BrowserFactory.java:537)\r\ncom.shaft.gui.browser.BrowserFactory.getBrowser(BrowserFactory.java:674)\r\ncom.shaft.gui.browser.BrowserFactory.getBrowser(BrowserFactory.java:104)\r\ntestCaseSample.TC248_ValidateAddOnsPagePAYGUserWithMonthlyAddOns.beforeClass(TC248_ValidateAddOnsPagePAYGUserWithMonthlyAddOns.java:25)\r\njava.base/jdk.internal.reflect.NativeMethodAccessorImpl.invoke0(Native Method)\r\njava.base/jdk.internal.reflect.NativeMethodAccessorImpl.invoke(NativeMethodAccessorImpl.java:64)\r\njava.base/jdk.internal.reflect.DelegatingMethodAccessorImpl.invoke(DelegatingMethodAccessorImpl.java:43)\r\njava.base/java.lang.reflect.Method.invoke(Method.java:564)\r\norg.testng.internal.MethodInvocationHelper.invokeMethod(MethodInvocationHelper.java:133)\r\norg.testng.internal.MethodInvocationHelper.invokeMethodConsideringTimeout(MethodInvocationHelper.java:62)\r\norg.testng.internal.ConfigInvoker.invokeConfigurationMethod(ConfigInvoker.java:385)\r\norg.testng.internal.ConfigInvoker.invokeConfigurations(ConfigInvoker.java:321)\r\norg.testng.internal.TestMethodWorker.invokeBeforeClassMethods(TestMethodWorker.java:176)\r\norg.testng.internal.TestMethodWorker.run(TestMethodWorker.java:122)\r\njava.base/java.util.ArrayList.forEach(ArrayList.java:1511)\r\norg.testng.TestRunner.privateRun(TestRunner.java:794)\r\norg.testng.TestRunner.run(TestRunner.java:596)\r\norg.testng.SuiteRunner.runTest(SuiteRunner.java:377)\r\norg.testng.SuiteRunner.runSequentially(SuiteRunner.java:371)\r\norg.testng.SuiteRunner.privateRun(SuiteRunner.java:332)\r\norg.testng.SuiteRunner.run(SuiteRunner.java:276)\r\norg.testng.SuiteRunnerWorker.runSuite(SuiteRunnerWorker.java:53)\r\norg.testng.SuiteRunnerWorker.run(SuiteRunnerWorker.java:96)\r\norg.testng.TestNG.runSuitesSequentially(TestNG.java:1212)\r\norg.testng.TestNG.runSuitesLocally(TestNG.java:1134)\r\norg.testng.TestNG.runSuites(TestNG.java:1063)\r\norg.testng.TestNG.run(TestNG.java:1031)\r\ncom.intellij.rt.testng.IDEARemoteTestNG.run(IDEARemoteTestNG.java:66)\r\ncom.intellij.rt.testng.RemoteTestNGStarter.main(RemoteTestNGStarter.java:109)\r\n]]"}],"start":1618231578193,"stop":1618231578209}],"attachments":[],"parameters":[],"start":1618231575739,"stop":1618231578217}],"afters":[],"links":[],"start":1618231575686,"stop":1618231578549}