{"name":"beforeClass","status":"failed","statusDetails":{"known":false,"muted":false,"flaky":false,"message":"Browser Factory Action [createNewRemoteDriverInstance] failed. With the following test data [Unhandled Error.].","trace":"java.lang.AssertionError: Browser Factory Action [createNewRemoteDriverInstance] failed. With the following test data [Unhandled Error.].\r\n\tat org.testng.Assert.fail(Assert.java:87)\r\n\tat com.shaft.gui.browser.BrowserFactory.failAction(BrowserFactory.java:201)\r\n\tat com.shaft.gui.browser.BrowserFactory.createNewRemoteDriverInstance(BrowserFactory.java:566)\r\n\tat com.shaft.gui.browser.BrowserFactory.getBrowser(BrowserFactory.java:674)\r\n\tat com.shaft.gui.browser.BrowserFactory.getBrowser(BrowserFactory.java:104)\r\n\tat testCaseSample.TC248_ValidateAddOnsPagePAYGUserWithMonthlyAddOns.beforeClass(TC248_ValidateAddOnsPagePAYGUserWithMonthlyAddOns.java:25)\r\n\tat java.base/jdk.internal.reflect.NativeMethodAccessorImpl.invoke0(Native Method)\r\n\tat java.base/jdk.internal.reflect.NativeMethodAccessorImpl.invoke(NativeMethodAccessorImpl.java:64)\r\n\tat java.base/jdk.internal.reflect.DelegatingMethodAccessorImpl.invoke(DelegatingMethodAccessorImpl.java:43)\r\n\tat java.base/java.lang.reflect.Method.invoke(Method.java:564)\r\n\tat org.testng.internal.MethodInvocationHelper.invokeMethod(MethodInvocationHelper.java:133)\r\n\tat org.testng.internal.MethodInvocationHelper.invokeMethodConsideringTimeout(MethodInvocationHelper.java:62)\r\n\tat org.testng.internal.ConfigInvoker.invokeConfigurationMethod(ConfigInvoker.java:385)\r\n\tat org.testng.internal.ConfigInvoker.invokeConfigurations(ConfigInvoker.java:321)\r\n\tat org.testng.internal.TestMethodWorker.invokeBeforeClassMethods(TestMethodWorker.java:176)\r\n\tat org.testng.internal.TestMethodWorker.run(TestMethodWorker.java:122)\r\n\tat java.base/java.util.ArrayList.forEach(ArrayList.java:1511)\r\n\tat org.testng.TestRunner.privateRun(TestRunner.java:794)\r\n\tat org.testng.TestRunner.run(TestRunner.java:596)\r\n\tat org.testng.SuiteRunner.runTest(SuiteRunner.java:377)\r\n\tat org.testng.SuiteRunner.runSequentially(SuiteRunner.java:371)\r\n\tat org.testng.SuiteRunner.privateRun(SuiteRunner.java:332)\r\n\tat org.testng.SuiteRunner.run(SuiteRunner.java:276)\r\n\tat org.testng.SuiteRunnerWorker.runSuite(SuiteRunnerWorker.java:53)\r\n\tat org.testng.SuiteRunnerWorker.run(SuiteRunnerWorker.java:96)\r\n\tat org.testng.TestNG.runSuitesSequentially(TestNG.java:1212)\r\n\tat org.testng.TestNG.runSuitesLocally(TestNG.java:1134)\r\n\tat org.testng.TestNG.runSuites(TestNG.java:1063)\r\n\tat org.testng.TestNG.run(TestNG.java:1031)\r\n\tat com.intellij.rt.testng.IDEARemoteTestNG.run(IDEARemoteTestNG.java:66)\r\n\tat com.intellij.rt.testng.RemoteTestNGStarter.main(RemoteTestNGStarter.java:109)\r\nCaused by: org.openqa.selenium.SessionNotCreatedException: Unable to create a new remote session. Please check the server log for more details. Original error: An unknown server-side error occurred while processing the command. Original error: The application at 'C:\\Users\\AhmedN2\\OneDrive - Vodafone Group\\Documents\\automation docs\\MyAutomationScript\\MVA-IE-SHAFT_Engine\\nullapk\\DIG18180Fix.apk' does not exist or is not accessible\nBuild info: version: '3.141.59', revision: 'e82be7d358', time: '2018-11-14T08:17:03'\nSystem info: host: 'E0803067', ip: '192.168.1.3', os.name: 'Windows 10', os.arch: 'amd64', os.version: '10.0', java.version: '15.0.2'\nDriver info: driver.version: AndroidDriver\nremote stacktrace: UnknownError: An unknown server-side error occurred while processing the command. Original error: The application at 'C:\\Users\\AhmedN2\\OneDrive - Vodafone Group\\Documents\\automation docs\\MyAutomationScript\\MVA-IE-SHAFT_Engine\\nullapk\\DIG18180Fix.apk' does not exist or is not accessible\n    at getResponseForW3CError (C:\\Users\\AhmedN2\\AppData\\Local\\Programs\\Appium\\resources\\app\\node_modules\\appium\\node_modules\\appium-base-driver\\lib\\protocol\\errors.js:804:9)\n    at asyncHandler (C:\\Users\\AhmedN2\\AppData\\Local\\Programs\\Appium\\resources\\app\\node_modules\\appium\\node_modules\\appium-base-driver\\lib\\protocol\\protocol.js:380:37)\nBuild info: version: '3.141.59', revision: 'e82be7d358', time: '2018-11-14T08:17:03'\nSystem info: host: 'E0803067', ip: '192.168.1.3', os.name: 'Windows 10', os.arch: 'amd64', os.version: '10.0', java.version: '15.0.2'\nDriver info: driver.version: AndroidDriver\r\n\tat io.appium.java_client.remote.AppiumCommandExecutor$1.createSession(AppiumCommandExecutor.java:216)\r\n\tat io.appium.java_client.remote.AppiumCommandExecutor.createSession(AppiumCommandExecutor.java:225)\r\n\tat io.appium.java_client.remote.AppiumCommandExecutor.execute(AppiumCommandExecutor.java:247)\r\n\tat org.openqa.selenium.remote.RemoteWebDriver.execute(RemoteWebDriver.java:552)\r\n\tat io.appium.java_client.DefaultGenericMobileDriver.execute(DefaultGenericMobileDriver.java:41)\r\n\tat io.appium.java_client.AppiumDriver.execute(AppiumDriver.java:1)\r\n\tat io.appium.java_client.android.AndroidDriver.execute(AndroidDriver.java:1)\r\n\tat org.openqa.selenium.remote.RemoteWebDriver.startSession(RemoteWebDriver.java:213)\r\n\tat io.appium.java_client.AppiumDriver.startSession(AppiumDriver.java:338)\r\n\tat org.openqa.selenium.remote.RemoteWebDriver.<init>(RemoteWebDriver.java:131)\r\n\tat io.appium.java_client.DefaultGenericMobileDriver.<init>(DefaultGenericMobileDriver.java:37)\r\n\tat io.appium.java_client.AppiumDriver.<init>(AppiumDriver.java:89)\r\n\tat io.appium.java_client.AppiumDriver.<init>(AppiumDriver.java:99)\r\n\tat io.appium.java_client.android.AndroidDriver.<init>(AndroidDriver.java:96)\r\n\tat com.shaft.gui.browser.BrowserFactory.createNewRemoteDriverInstance(BrowserFactory.java:537)\r\n\t... 28 more\r\nCaused by: java.lang.reflect.InvocationTargetException\r\n\tat java.base/jdk.internal.reflect.NativeMethodAccessorImpl.invoke0(Native Method)\r\n\tat java.base/jdk.internal.reflect.NativeMethodAccessorImpl.invoke(NativeMethodAccessorImpl.java:64)\r\n\tat java.base/jdk.internal.reflect.DelegatingMethodAccessorImpl.invoke(DelegatingMethodAccessorImpl.java:43)\r\n\tat java.base/java.lang.reflect.Method.invoke(Method.java:564)\r\n\tat io.appium.java_client.remote.AppiumCommandExecutor$1.createSession(AppiumCommandExecutor.java:193)\r\n\t... 42 more\r\nCaused by: org.openqa.selenium.WebDriverException: An unknown server-side error occurred while processing the command. Original error: The application at 'C:\\Users\\AhmedN2\\OneDrive - Vodafone Group\\Documents\\automation docs\\MyAutomationScript\\MVA-IE-SHAFT_Engine\\nullapk\\DIG18180Fix.apk' does not exist or is not accessible\nBuild info: version: '3.141.59', revision: 'e82be7d358', time: '2018-11-14T08:17:03'\nSystem info: host: 'E0803067', ip: '192.168.1.3', os.name: 'Windows 10', os.arch: 'amd64', os.version: '10.0', java.version: '15.0.2'\nDriver info: driver.version: AndroidDriver\nremote stacktrace: UnknownError: An unknown server-side error occurred while processing the command. Original error: The application at 'C:\\Users\\AhmedN2\\OneDrive - Vodafone Group\\Documents\\automation docs\\MyAutomationScript\\MVA-IE-SHAFT_Engine\\nullapk\\DIG18180Fix.apk' does not exist or is not accessible\n    at getResponseForW3CError (C:\\Users\\AhmedN2\\AppData\\Local\\Programs\\Appium\\resources\\app\\node_modules\\appium\\node_modules\\appium-base-driver\\lib\\protocol\\errors.js:804:9)\n    at asyncHandler (C:\\Users\\AhmedN2\\AppData\\Local\\Programs\\Appium\\resources\\app\\node_modules\\appium\\node_modules\\appium-base-driver\\lib\\protocol\\protocol.js:380:37)\r\n\tat java.base/jdk.internal.reflect.NativeConstructorAccessorImpl.newInstance0(Native Method)\r\n\tat java.base/jdk.internal.reflect.NativeConstructorAccessorImpl.newInstance(NativeConstructorAccessorImpl.java:64)\r\n\tat java.base/jdk.internal.reflect.DelegatingConstructorAccessorImpl.newInstance(DelegatingConstructorAccessorImpl.java:45)\r\n\tat java.base/java.lang.reflect.Constructor.newInstanceWithCaller(Constructor.java:500)\r\n\tat java.base/java.lang.reflect.Constructor.newInstance(Constructor.java:481)\r\n\tat org.openqa.selenium.remote.W3CHandshakeResponse.lambda$errorHandler$0(W3CHandshakeResponse.java:62)\r\n\tat org.openqa.selenium.remote.HandshakeResponse.lambda$getResponseFunction$0(HandshakeResponse.java:30)\r\n\tat org.openqa.selenium.remote.ProtocolHandshake.lambda$createSession$0(ProtocolHandshake.java:126)\r\n\tat java.base/java.util.stream.ReferencePipeline$3$1.accept(ReferencePipeline.java:195)\r\n\tat java.base/java.util.Spliterators$ArraySpliterator.tryAdvance(Spliterators.java:958)\r\n\tat java.base/java.util.stream.ReferencePipeline.forEachWithCancel(ReferencePipeline.java:127)\r\n\tat java.base/java.util.stream.AbstractPipeline.copyIntoWithCancel(AbstractPipeline.java:502)\r\n\tat java.base/java.util.stream.AbstractPipeline.copyInto(AbstractPipeline.java:488)\r\n\tat java.base/java.util.stream.AbstractPipeline.wrapAndCopyInto(AbstractPipeline.java:474)\r\n\tat java.base/java.util.stream.FindOps$FindOp.evaluateSequential(FindOps.java:150)\r\n\tat java.base/java.util.stream.AbstractPipeline.evaluate(AbstractPipeline.java:234)\r\n\tat java.base/java.util.stream.ReferencePipeline.findFirst(ReferencePipeline.java:543)\r\n\tat org.openqa.selenium.remote.ProtocolHandshake.createSession(ProtocolHandshake.java:128)\r\n\t... 47 more\r\n"},"stage":"finished","steps":[],"attachments":[],"parameters":[],"start":1618231624848,"stop":1618231624851,"uuid":"ba59da7c-39b5-4aeb-8c2e-fe4edcd96b83","historyId":"fa1f5fde036959e313226ffd8acc41fc","fullName":"testCaseSample.TC248_ValidateAddOnsPagePAYGUserWithMonthlyAddOns.beforeClass","labels":[{"name":"package","value":"testCaseSample.TC248_ValidateAddOnsPagePAYGUserWithMonthlyAddOns"},{"name":"testClass","value":"testCaseSample.TC248_ValidateAddOnsPagePAYGUserWithMonthlyAddOns"},{"name":"testMethod","value":"beforeClass"},{"name":"parentSuite","value":"Default Suite"},{"name":"suite","value":"MVA-SHaftEngine"},{"name":"subSuite","value":"testCaseSample.TC248_ValidateAddOnsPagePAYGUserWithMonthlyAddOns"},{"name":"host","value":"E0803067"},{"name":"thread","value":"25240@E0803067.main(1)"},{"name":"framework","value":"testng"},{"name":"language","value":"java"},{"name":"AS_ID","value":"-1"}],"links":[]}