{"name":"ValidateAddOnsPage","status":"passed","statusDetails":{"known":false,"muted":false,"flaky":false},"stage":"finished","steps":[{"name":"Action [20]: Element Action [tap] successfully performed.","status":"passed","stage":"finished","steps":[],"attachments":[],"parameters":[{"name":"actionCounter","value":"20"},{"name":"logText","value":"Element Action [tap] successfully performed."}],"start":1618231753537,"stop":1618231753538},{"name":"Action [21]: Element Action [tap] successfully performed.","status":"passed","stage":"finished","steps":[],"attachments":[],"parameters":[{"name":"actionCounter","value":"21"},{"name":"logText","value":"Element Action [tap] successfully performed."}],"start":1618231756194,"stop":1618231756194},{"name":"Action [22]: Element Action [getText] successfully performed. With the following test data [Buy add ons].","status":"passed","stage":"finished","steps":[],"attachments":[],"parameters":[{"name":"actionCounter","value":"22"},{"name":"logText","value":"Element Action [getText] successfully performed. With the following test data [Buy add ons]."}],"start":1618231761774,"stop":1618231761775},{"name":"Action [23]: Element Action [getAttribute] failed.","status":"passed","stage":"finished","steps":[],"attachments":[{"name":"Attachment: Screenshot - 1618231762903_ValidateAddOnsPage_getAttribute_failed","source":"aa89eb2a-4ca7-481f-92dd-1df3e1facf94-attachment.png","type":"image/png"}],"parameters":[{"name":"actionCounter","value":"23"},{"name":"logText","value":"Element Action [getAttribute] failed."},{"name":"attachments","value":"[[Screenshot, 1618231762903_ValidateAddOnsPage_getAttribute_failed, java.io.ByteArrayInputStream@5b7ee56c]]"}],"start":1618231763704,"stop":1618231763709},{"name":"Action [24]: VerifyElementAttribute FAILED; Expected [Value Should be 'Buy add ons' for the 'Buy add ons' attribute, element locator 'By.AccessibilityId: id_header_title_Buy_add_ons'] and Actual [Failed to read the desired element attribute]. Comparison Type [EQUALS]. Validation Type [POSITIVE].","status":"passed","stage":"finished","steps":[],"attachments":[{"name":"Attachment: Validation Test Data - Failure Reason","source":"c6718b88-d10e-45c5-b178-3bf6b6b187e9-attachment"}],"parameters":[{"name":"actionCounter","value":"24"},{"name":"logText","value":"VerifyElementAttribute FAILED; Expected [Value Should be 'Buy add ons' for the 'Buy add ons' attribute, element locator 'By.AccessibilityId: id_header_title_Buy_add_ons'] and Actual [Failed to read the desired element attribute]. Comparison Type [EQUALS]. Validation Type [POSITIVE]."},{"name":"attachments","value":"[[Validation Test Data, Failure Reason, java.lang.AssertionError:\r\nElement Action [getAttribute] failed.\r\norg.testng.Assert.fail(Assert.java:87)\r\ncom.shaft.gui.element.ElementActions.failAction(ElementActions.java:1482)\r\ncom.shaft.gui.element.ElementActions.failAction(ElementActions.java:1319)\r\ncom.shaft.gui.element.ElementActions.getAttribute(ElementActions.java:462)\r\ncom.shaft.validation.ValidationHelper.validateElementAttribute(ValidationHelper.java:160)\r\ncom.shaft.validation.Verifications.verifyElementAttribute(Verifications.java:138)\r\ntestCaseSample.TC248_ValidateAddOnsPagePAYGUserWithMonthlyAddOns.ValidateAddOnsPage(TC248_ValidateAddOnsPagePAYGUserWithMonthlyAddOns.java:46)\r\njava.base/jdk.internal.reflect.NativeMethodAccessorImpl.invoke0(Native Method)\r\njava.base/jdk.internal.reflect.NativeMethodAccessorImpl.invoke(NativeMethodAccessorImpl.java:64)\r\njava.base/jdk.internal.reflect.DelegatingMethodAccessorImpl.invoke(DelegatingMethodAccessorImpl.java:43)\r\njava.base/java.lang.reflect.Method.invoke(Method.java:564)\r\norg.testng.internal.MethodInvocationHelper.invokeMethod(MethodInvocationHelper.java:133)\r\norg.testng.internal.TestInvoker.invokeMethod(TestInvoker.java:598)\r\norg.testng.internal.TestInvoker.invokeTestMethod(TestInvoker.java:173)\r\norg.testng.internal.MethodRunner.runInSequence(MethodRunner.java:46)\r\norg.testng.internal.TestInvoker$MethodInvocationAgent.invoke(TestInvoker.java:824)\r\norg.testng.internal.TestInvoker.invokeTestMethods(TestInvoker.java:146)\r\norg.testng.internal.TestMethodWorker.invokeTestMethods(TestMethodWorker.java:146)\r\norg.testng.internal.TestMethodWorker.run(TestMethodWorker.java:128)\r\njava.base/java.util.ArrayList.forEach(ArrayList.java:1511)\r\norg.testng.TestRunner.privateRun(TestRunner.java:794)\r\norg.testng.TestRunner.run(TestRunner.java:596)\r\norg.testng.SuiteRunner.runTest(SuiteRunner.java:377)\r\norg.testng.SuiteRunner.runSequentially(SuiteRunner.java:371)\r\norg.testng.SuiteRunner.privateRun(SuiteRunner.java:332)\r\norg.testng.SuiteRunner.run(SuiteRunner.java:276)\r\norg.testng.SuiteRunnerWorker.runSuite(SuiteRunnerWorker.java:53)\r\norg.testng.SuiteRunnerWorker.run(SuiteRunnerWorker.java:96)\r\norg.testng.TestNG.runSuitesSequentially(TestNG.java:1212)\r\norg.testng.TestNG.runSuitesLocally(TestNG.java:1134)\r\norg.testng.TestNG.runSuites(TestNG.java:1063)\r\norg.testng.TestNG.run(TestNG.java:1031)\r\ncom.intellij.rt.testng.IDEARemoteTestNG.run(IDEARemoteTestNG.java:66)\r\ncom.intellij.rt.testng.RemoteTestNGStarter.main(RemoteTestNGStarter.java:109)\r\n\r\nCaused by: org.openqa.selenium.UnsupportedCommandException:\r\n'Buy add ons' attribute is unknown for the element. Only the following attributes are supported: [checkable, checked, {class,className}, clickable, {content-desc,contentDescription}, enabled, focusable, focused, {long-clickable,longClickable}, package, password, {resource-id,resourceId}, scrollable, selection-start, selection-end, selected, {text,name}, bounds, displayed, contentSize]\nBuild info: version: '3.141.59', revision: 'e82be7d358', time: '2018-11-14T08:17:03'\nSystem info: host: 'E0803067', ip: '192.168.1.3', os.name: 'Windows 10', os.arch: 'amd64', os.version: '10.0', java.version: '15.0.2'\nDriver info: io.appium.java_client.android.AndroidDriver\nCapabilities {appActivity: com.VodafoneIreland.MyVodaf..., appPackage: com.VodafoneIreland.MyVodafone, automationName: UiAutomator2, databaseEnabled: false, desired: {appActivity: com.VodafoneIreland.MyVodaf..., appPackage: com.VodafoneIreland.MyVodafone, automationName: UiAutomator2, deviceName: Galaxy S9+, platformName: android, platformVersion: 10}, deviceApiLevel: 29, deviceManufacturer: samsung, deviceModel: SM-G965F, deviceName: 213c4c203c017ece, deviceScreenDensity: 420, deviceScreenSize: 1080x2220, deviceUDID: 213c4c203c017ece, javascriptEnabled: true, locationContextEnabled: false, networkConnectionEnabled: true, pixelRatio: 2.625, platform: LINUX, platformName: Android, platformVersion: 10, statBarHeight: 63, takesScreenshot: true, viewportRect: {height: 2031, left: 0, top: 63, width: 1080}, warnings: {}, webStorageEnabled: false}\nSession ID: d646ca3e-444f-4a05-b734-8b8e2f8d2b0d\r\njava.base/jdk.internal.reflect.NativeConstructorAccessorImpl.newInstance0(Native Method)\r\njava.base/jdk.internal.reflect.NativeConstructorAccessorImpl.newInstance(NativeConstructorAccessorImpl.java:64)\r\njava.base/jdk.internal.reflect.DelegatingConstructorAccessorImpl.newInstance(DelegatingConstructorAccessorImpl.java:45)\r\njava.base/java.lang.reflect.Constructor.newInstanceWithCaller(Constructor.java:500)\r\njava.base/java.lang.reflect.Constructor.newInstance(Constructor.java:481)\r\norg.openqa.selenium.remote.http.W3CHttpResponseCodec.createException(W3CHttpResponseCodec.java:187)\r\norg.openqa.selenium.remote.http.W3CHttpResponseCodec.decode(W3CHttpResponseCodec.java:122)\r\norg.openqa.selenium.remote.http.W3CHttpResponseCodec.decode(W3CHttpResponseCodec.java:49)\r\norg.openqa.selenium.remote.HttpCommandExecutor.execute(HttpCommandExecutor.java:158)\r\nio.appium.java_client.remote.AppiumCommandExecutor.execute(AppiumCommandExecutor.java:247)\r\norg.openqa.selenium.remote.RemoteWebDriver.execute(RemoteWebDriver.java:552)\r\nio.appium.java_client.DefaultGenericMobileDriver.execute(DefaultGenericMobileDriver.java:41)\r\nio.appium.java_client.AppiumDriver.execute(AppiumDriver.java:1)\r\nio.appium.java_client.android.AndroidDriver.execute(AndroidDriver.java:1)\r\norg.openqa.selenium.remote.RemoteWebElement.execute(RemoteWebElement.java:285)\r\nio.appium.java_client.DefaultGenericMobileElement.execute(DefaultGenericMobileElement.java:45)\r\nio.appium.java_client.MobileElement.execute(MobileElement.java:1)\r\nio.appium.java_client.android.AndroidElement.execute(AndroidElement.java:1)\r\norg.openqa.selenium.remote.RemoteWebElement.getAttribute(RemoteWebElement.java:134)\r\ncom.shaft.gui.element.ElementActions.getAttribute(ElementActions.java:458)\r\ncom.shaft.validation.ValidationHelper.validateElementAttribute(ValidationHelper.java:160)\r\ncom.shaft.validation.Verifications.verifyElementAttribute(Verifications.java:138)\r\ntestCaseSample.TC248_ValidateAddOnsPagePAYGUserWithMonthlyAddOns.ValidateAddOnsPage(TC248_ValidateAddOnsPagePAYGUserWithMonthlyAddOns.java:46)\r\njava.base/jdk.internal.reflect.NativeMethodAccessorImpl.invoke0(Native Method)\r\njava.base/jdk.internal.reflect.NativeMethodAccessorImpl.invoke(NativeMethodAccessorImpl.java:64)\r\njava.base/jdk.internal.reflect.DelegatingMethodAccessorImpl.invoke(DelegatingMethodAccessorImpl.java:43)\r\njava.base/java.lang.reflect.Method.invoke(Method.java:564)\r\norg.testng.internal.MethodInvocationHelper.invokeMethod(MethodInvocationHelper.java:133)\r\norg.testng.internal.TestInvoker.invokeMethod(TestInvoker.java:598)\r\norg.testng.internal.TestInvoker.invokeTestMethod(TestInvoker.java:173)\r\norg.testng.internal.MethodRunner.runInSequence(MethodRunner.java:46)\r\norg.testng.internal.TestInvoker$MethodInvocationAgent.invoke(TestInvoker.java:824)\r\norg.testng.internal.TestInvoker.invokeTestMethods(TestInvoker.java:146)\r\norg.testng.internal.TestMethodWorker.invokeTestMethods(TestMethodWorker.java:146)\r\norg.testng.internal.TestMethodWorker.run(TestMethodWorker.java:128)\r\njava.base/java.util.ArrayList.forEach(ArrayList.java:1511)\r\norg.testng.TestRunner.privateRun(TestRunner.java:794)\r\norg.testng.TestRunner.run(TestRunner.java:596)\r\norg.testng.SuiteRunner.runTest(SuiteRunner.java:377)\r\norg.testng.SuiteRunner.runSequentially(SuiteRunner.java:371)\r\norg.testng.SuiteRunner.privateRun(SuiteRunner.java:332)\r\norg.testng.SuiteRunner.run(SuiteRunner.java:276)\r\norg.testng.SuiteRunnerWorker.runSuite(SuiteRunnerWorker.java:53)\r\norg.testng.SuiteRunnerWorker.run(SuiteRunnerWorker.java:96)\r\norg.testng.TestNG.runSuitesSequentially(TestNG.java:1212)\r\norg.testng.TestNG.runSuitesLocally(TestNG.java:1134)\r\norg.testng.TestNG.runSuites(TestNG.java:1063)\r\norg.testng.TestNG.run(TestNG.java:1031)\r\ncom.intellij.rt.testng.IDEARemoteTestNG.run(IDEARemoteTestNG.java:66)\r\ncom.intellij.rt.testng.RemoteTestNGStarter.main(RemoteTestNGStarter.java:109)\r\n]]"}],"start":1618231763716,"stop":1618231763719},{"name":"Action [25]: Element is not existed...","status":"passed","stage":"finished","steps":[],"attachments":[],"parameters":[{"name":"actionCounter","value":"25"},{"name":"logText","value":"Element is not existed..."}],"start":1618231763720,"stop":1618231763720},{"name":"Action [26]: VerifyElementExists PASSED; Expected [Element Should not Exist, locator 'By.AccessibilityId: One off (Selected)'] and Actual [Element Doesn't Exists]. Comparison Type [EQUALS]. Validation Type [NEGATIVE].","status":"passed","stage":"finished","steps":[],"attachments":[{"name":"Attachment: Screenshot - 1618231774414_ValidateAddOnsPage_VerifyElementExists_passed","source":"56bf7079-91de-49df-bb62-4d4d9cccf556-attachment.png","type":"image/png"}],"parameters":[{"name":"actionCounter","value":"26"},{"name":"logText","value":"VerifyElementExists PASSED; Expected [Element Should not Exist, locator 'By.AccessibilityId: One off (Selected)'] and Actual [Element Doesn't Exists]. Comparison Type [EQUALS]. Validation Type [NEGATIVE]."},{"name":"attachments","value":"[[Screenshot, 1618231774414_ValidateAddOnsPage_VerifyElementExists_passed, java.io.ByteArrayInputStream@c82d925]]"}],"start":1618231775185,"stop":1618231775189}],"attachments":[],"parameters":[],"start":1618231750228,"stop":1618231775189,"uuid":"d1d94b00-580a-4e6e-bce3-21e1ec5b4895","historyId":"19cad4e0c497c03e87c4f5fbcff7f9","fullName":"testCaseSample.TC248_ValidateAddOnsPagePAYGUserWithMonthlyAddOns.ValidateAddOnsPage","labels":[{"name":"package","value":"testCaseSample.TC248_ValidateAddOnsPagePAYGUserWithMonthlyAddOns"},{"name":"testClass","value":"testCaseSample.TC248_ValidateAddOnsPagePAYGUserWithMonthlyAddOns"},{"name":"testMethod","value":"ValidateAddOnsPage"},{"name":"parentSuite","value":"Default Suite"},{"name":"suite","value":"MVA-SHaftEngine"},{"name":"subSuite","value":"testCaseSample.TC248_ValidateAddOnsPagePAYGUserWithMonthlyAddOns"},{"name":"host","value":"E0803067"},{"name":"thread","value":"27936@E0803067.main(1)"},{"name":"framework","value":"testng"},{"name":"language","value":"java"}],"links":[]}